\BOOKMARK [0][-]{chapter*.5}{Abstract}{}% 1
\BOOKMARK [0][-]{chapter*.6}{Kurzfassung}{}% 2
\BOOKMARK [0][-]{chapter*.7}{List\040of\040Figures}{}% 3
\BOOKMARK [0][-]{chapter*.8}{List\040of\040Abbreviations}{}% 4
\BOOKMARK [0][-]{chapter.1}{Introduction}{}% 5
\BOOKMARK [1][-]{section.1.1}{System}{chapter.1}% 6
\BOOKMARK [2][-]{subsection.1.1.1}{Definitions}{section.1.1}% 7
\BOOKMARK [2][-]{subsection.1.1.2}{System\040Element}{section.1.1}% 8
\BOOKMARK [2][-]{subsection.1.1.3}{System\040of\040Systems}{section.1.1}% 9
\BOOKMARK [2][-]{subsection.1.1.4}{System\040Layers}{section.1.1}% 10
\BOOKMARK [2][-]{subsection.1.1.5}{Embedded\040System}{section.1.1}% 11
\BOOKMARK [1][-]{section.1.2}{Component}{chapter.1}% 12
\BOOKMARK [2][-]{subsection.1.2.1}{Definitions}{section.1.2}% 13
\BOOKMARK [2][-]{subsection.1.2.2}{Component\040Interfaces}{section.1.2}% 14
\BOOKMARK [1][-]{section.1.3}{Service}{chapter.1}% 15
\BOOKMARK [2][-]{subsection.1.3.1}{Definitions}{section.1.3}% 16
\BOOKMARK [2][-]{subsection.1.3.2}{Key\040concepts\040of\040a\040service}{section.1.3}% 17
\BOOKMARK [2][-]{subsection.1.3.3}{Structure\040of\040a\040Service}{section.1.3}% 18
\BOOKMARK [2][-]{subsection.1.3.4}{Services\040at\040different\040layers\040of\040implementation}{section.1.3}% 19
\BOOKMARK [1][-]{section.1.4}{Architecture}{chapter.1}% 20
\BOOKMARK [2][-]{subsection.1.4.1}{Definitions}{section.1.4}% 21
\BOOKMARK [2][-]{subsection.1.4.2}{Placement\040of\040Architecture}{section.1.4}% 22
\BOOKMARK [1][-]{section.1.5}{Service\040oriented\040architecture}{chapter.1}% 23
\BOOKMARK [2][-]{subsection.1.5.1}{Historic\040Development}{section.1.5}% 24
\BOOKMARK [2][-]{subsection.1.5.2}{Structure\040of\040a\040SoA}{section.1.5}% 25
\BOOKMARK [2][-]{subsection.1.5.3}{Service\040Composition}{section.1.5}% 26
\BOOKMARK [1][-]{section.1.6}{Dependability}{chapter.1}% 27
\BOOKMARK [2][-]{subsection.1.6.1}{Reliability}{section.1.6}% 28
\BOOKMARK [2][-]{subsection.1.6.2}{Availability}{section.1.6}% 29
\BOOKMARK [1][-]{section.1.7}{Functional\040safety}{chapter.1}% 30
\BOOKMARK [2][-]{subsection.1.7.1}{Definition\040of\040safety}{section.1.7}% 31
\BOOKMARK [2][-]{subsection.1.7.2}{Definition\040of\040functional\040safety}{section.1.7}% 32
\BOOKMARK [2][-]{subsection.1.7.3}{Safety\040related\040terminology}{section.1.7}% 33
\BOOKMARK [2][-]{subsection.1.7.4}{Fault\040tolerance}{section.1.7}% 34
\BOOKMARK [1][-]{section.1.8}{Design\040of\040fault\040tolerant\040Systems}{chapter.1}% 35
\BOOKMARK [0][-]{chapter.2}{Methods}{}% 36
\BOOKMARK [1][-]{section.2.1}{SoA\040in\040Embedded\040Systems\040\(Embedded\040SoA\)}{chapter.2}% 37
\BOOKMARK [2][-]{subsection.2.1.1}{Drawbacks\040in\040embedded\040systems}{section.2.1}% 38
\BOOKMARK [2][-]{subsection.2.1.2}{Embedded\040SoA}{section.2.1}% 39
\BOOKMARK [1][-]{section.2.2}{SoA\040in\040automotive}{chapter.2}% 40
\BOOKMARK [2][-]{subsection.2.2.1}{Location\040of\040the\040service\040repository}{section.2.2}% 41
\BOOKMARK [2][-]{subsection.2.2.2}{Service\040Contract}{section.2.2}% 42
\BOOKMARK [1][-]{section.2.3}{Safety\040services}{chapter.2}% 43
\BOOKMARK [2][-]{subsection.2.3.1}{Relation\040of\040Safety\040and\040security\040services}{section.2.3}% 44
\BOOKMARK [2][-]{subsection.2.3.2}{Failure\040detection\040service}{section.2.3}% 45
\BOOKMARK [2][-]{subsection.2.3.3}{Error\040Detection/Masking\040Service}{section.2.3}% 46
\BOOKMARK [2][-]{subsection.2.3.4}{Memory\040Protection}{section.2.3}% 47
\BOOKMARK [2][-]{subsection.2.3.5}{Requirements\040Validation\040Service}{section.2.3}% 48
\BOOKMARK [2][-]{subsection.2.3.6}{Allocation\040of\040safety\040services\040to\040system\040lifecycle\040phases}{section.2.3}% 49
\BOOKMARK [1][-]{section.2.4}{Service\040development\040process\040\(use\040case\040scenario\)}{chapter.2}% 50
\BOOKMARK [2][-]{subsection.2.4.1}{Service\040investigation/planning}{section.2.4}% 51
\BOOKMARK [2][-]{subsection.2.4.2}{Service\040inventory\040analysis}{section.2.4}% 52
\BOOKMARK [2][-]{subsection.2.4.3}{service\040oriented\040analysis}{section.2.4}% 53
\BOOKMARK [2][-]{subsection.2.4.4}{service\040oriented\040design}{section.2.4}% 54
\BOOKMARK [0][-]{chapter.3}{Results}{}% 55
\BOOKMARK [1][-]{section.3.1}{Service\040investigation/\040planning}{chapter.3}% 56
\BOOKMARK [1][-]{section.3.2}{Service\040inventory\040analysis}{chapter.3}% 57
\BOOKMARK [1][-]{section.3.3}{Service\040oriented\040analysis}{chapter.3}% 58
\BOOKMARK [1][-]{section.3.4}{Service\040oriented\040design}{chapter.3}% 59
\BOOKMARK [1][-]{section.3.5}{Possible\040implementation}{chapter.3}% 60
\BOOKMARK [0][-]{chapter.4}{Discussion}{}% 61
\BOOKMARK [0][-]{chapter.5}{Conclusion}{}% 62
\BOOKMARK [0][-]{chapter*.41}{References}{}% 63
